[2026-02-21T00:10:06.514+0000] {local_task_job_runner.py:123} INFO - ::group::Pre task execution logs
[2026-02-21T00:10:06.560+0000] {taskinstance.py:2614} INFO - Dependencies all met for dep_context=non-requeueable deps ti=<TaskInstance: retail_pipeline.run_python_etl manual__2026-02-21T00:10:04.820540+00:00 [queued]>
[2026-02-21T00:10:06.587+0000] {taskinstance.py:2614} INFO - Dependencies all met for dep_context=requeueable deps ti=<TaskInstance: retail_pipeline.run_python_etl manual__2026-02-21T00:10:04.820540+00:00 [queued]>
[2026-02-21T00:10:06.589+0000] {taskinstance.py:2867} INFO - Starting attempt 1 of 1
[2026-02-21T00:10:06.621+0000] {taskinstance.py:2890} INFO - Executing <Task(BashOperator): run_python_etl> on 2026-02-21 00:10:04.820540+00:00
[2026-02-21T00:10:06.637+0000] {standard_task_runner.py:104} INFO - Running: ['***', 'tasks', 'run', 'retail_pipeline', 'run_python_etl', 'manual__2026-02-21T00:10:04.820540+00:00', '--job-id', '28', '--raw', '--subdir', 'DAGS_FOLDER/retail_pipeline_dag.py', '--cfg-path', '/tmp/tmpqwe_tx4c']
[2026-02-21T00:10:06.643+0000] {standard_task_runner.py:105} INFO - Job 28: Subtask run_python_etl
[2026-02-21T00:10:06.648+0000] {logging_mixin.py:190} WARNING - /home/***/.local/lib/python3.12/site-packages/***/task/task_runner/standard_task_runner.py:70 DeprecationWarning: This process (pid=503) is multi-threaded, use of fork() may lead to deadlocks in the child.
[2026-02-21T00:10:06.650+0000] {standard_task_runner.py:72} INFO - Started process 504 to run task
[2026-02-21T00:10:06.745+0000] {task_command.py:467} INFO - Running <TaskInstance: retail_pipeline.run_python_etl manual__2026-02-21T00:10:04.820540+00:00 [running]> on host ***-scheduler
[2026-02-21T00:10:06.949+0000] {taskinstance.py:3134} INFO - Exporting env vars: AIRFLOW_CTX_DAG_OWNER='***' AIRFLOW_CTX_DAG_ID='retail_pipeline' AIRFLOW_CTX_TASK_ID='run_python_etl' AIRFLOW_CTX_EXECUTION_DATE='2026-02-21T00:10:04.820540+00:00' AIRFLOW_CTX_TRY_NUMBER='1' AIRFLOW_CTX_DAG_RUN_ID='manual__2026-02-21T00:10:04.820540+00:00'
[2026-02-21T00:10:06.952+0000] {taskinstance.py:732} INFO - ::endgroup::
[2026-02-21T00:10:07.014+0000] {subprocess.py:78} INFO - Tmp dir root location: /tmp
[2026-02-21T00:10:07.019+0000] {subprocess.py:88} INFO - Running command: ['/usr/bin/bash', '-c', 'python /opt/***/scripts/etl_orders.py']
[2026-02-21T00:10:07.045+0000] {subprocess.py:99} INFO - Output:
[2026-02-21T00:10:09.522+0000] {subprocess.py:106} INFO - Rows in CSV: 7
[2026-02-21T00:10:09.523+0000] {subprocess.py:106} INFO - Loaded raw.raw_orders (incremental)
[2026-02-21T00:10:09.524+0000] {subprocess.py:106} INFO - Loaded staging.stg_orders (upsert)
[2026-02-21T00:10:09.528+0000] {subprocess.py:106} INFO - Built analytics.fact_sales
[2026-02-21T00:10:09.683+0000] {subprocess.py:110} INFO - Command exited with return code 0
[2026-02-21T00:10:09.743+0000] {taskinstance.py:341} INFO - ::group::Post task execution logs
[2026-02-21T00:10:09.744+0000] {taskinstance.py:353} INFO - Marking task as SUCCESS. dag_id=retail_pipeline, task_id=run_python_etl, run_id=manual__2026-02-21T00:10:04.820540+00:00, execution_date=20260221T001004, start_date=20260221T001006, end_date=20260221T001009
[2026-02-21T00:10:09.853+0000] {local_task_job_runner.py:266} INFO - Task exited with return code 0
[2026-02-21T00:10:09.920+0000] {taskinstance.py:3901} INFO - 1 downstream tasks scheduled from follow-on schedule check
[2026-02-21T00:10:09.923+0000] {local_task_job_runner.py:245} INFO - ::endgroup::
