[2026-02-20T23:32:16.659+0000] {local_task_job_runner.py:123} INFO - ::group::Pre task execution logs
[2026-02-20T23:32:16.699+0000] {taskinstance.py:2614} INFO - Dependencies all met for dep_context=non-requeueable deps ti=<TaskInstance: retail_pipeline.dbt_run manual__2026-02-20T23:32:10.156201+00:00 [queued]>
[2026-02-20T23:32:16.718+0000] {taskinstance.py:2614} INFO - Dependencies all met for dep_context=requeueable deps ti=<TaskInstance: retail_pipeline.dbt_run manual__2026-02-20T23:32:10.156201+00:00 [queued]>
[2026-02-20T23:32:16.721+0000] {taskinstance.py:2867} INFO - Starting attempt 1 of 1
[2026-02-20T23:32:16.747+0000] {taskinstance.py:2890} INFO - Executing <Task(BashOperator): dbt_run> on 2026-02-20 23:32:10.156201+00:00
[2026-02-20T23:32:16.771+0000] {standard_task_runner.py:104} INFO - Running: ['***', 'tasks', 'run', 'retail_pipeline', 'dbt_run', 'manual__2026-02-20T23:32:10.156201+00:00', '--job-id', '20', '--raw', '--subdir', 'DAGS_FOLDER/retail_pipeline_dag.py', '--cfg-path', '/tmp/tmppqanw0v5']
[2026-02-20T23:32:16.776+0000] {standard_task_runner.py:105} INFO - Job 20: Subtask dbt_run
[2026-02-20T23:32:16.778+0000] {logging_mixin.py:190} WARNING - /home/***/.local/lib/python3.12/site-packages/***/task/task_runner/standard_task_runner.py:70 DeprecationWarning: This process (pid=230) is multi-threaded, use of fork() may lead to deadlocks in the child.
[2026-02-20T23:32:16.780+0000] {standard_task_runner.py:72} INFO - Started process 231 to run task
[2026-02-20T23:32:16.883+0000] {task_command.py:467} INFO - Running <TaskInstance: retail_pipeline.dbt_run manual__2026-02-20T23:32:10.156201+00:00 [running]> on host ***-scheduler
[2026-02-20T23:32:17.048+0000] {taskinstance.py:3134} INFO - Exporting env vars: AIRFLOW_CTX_DAG_OWNER='***' AIRFLOW_CTX_DAG_ID='retail_pipeline' AIRFLOW_CTX_TASK_ID='dbt_run' AIRFLOW_CTX_EXECUTION_DATE='2026-02-20T23:32:10.156201+00:00' AIRFLOW_CTX_TRY_NUMBER='1' AIRFLOW_CTX_DAG_RUN_ID='manual__2026-02-20T23:32:10.156201+00:00'
[2026-02-20T23:32:17.050+0000] {taskinstance.py:732} INFO - ::endgroup::
[2026-02-20T23:32:17.081+0000] {subprocess.py:78} INFO - Tmp dir root location: /tmp
[2026-02-20T23:32:17.088+0000] {subprocess.py:88} INFO - Running command: ['/usr/bin/bash', '-c', 'cd /opt/***/retail_dbt && dbt run']
[2026-02-20T23:32:17.113+0000] {subprocess.py:99} INFO - Output:
[2026-02-20T23:32:22.589+0000] {subprocess.py:106} INFO - [0m23:32:22  Running with dbt=1.11.6
[2026-02-20T23:32:23.395+0000] {subprocess.py:106} INFO - [0m23:32:23  Registered adapter: postgres=1.10.0
[2026-02-20T23:32:24.808+0000] {subprocess.py:106} INFO - [0m23:32:24  Encountered an error:
[2026-02-20T23:32:24.809+0000] {subprocess.py:106} INFO - 'dbt_postgres://macros/timestamps.sql'
[2026-02-20T23:32:24.812+0000] {subprocess.py:106} INFO - [0m23:32:24  Traceback (most recent call last):
[2026-02-20T23:32:24.813+0000] {subprocess.py:106} INFO -   File "/home/***/.local/lib/python3.12/site-packages/dbt/cli/requires.py", line 182, in wrapper
[2026-02-20T23:32:24.816+0000] {subprocess.py:106} INFO -     result, success = func(*args, **kwargs)
[2026-02-20T23:32:24.817+0000] {subprocess.py:106} INFO -                       ^^^^^^^^^^^^^^^^^^^^^
[2026-02-20T23:32:24.818+0000] {subprocess.py:106} INFO -   File "/home/***/.local/lib/python3.12/site-packages/dbt/cli/requires.py", line 128, in wrapper
[2026-02-20T23:32:24.819+0000] {subprocess.py:106} INFO -     return func(*args, **kwargs)
[2026-02-20T23:32:24.820+0000] {subprocess.py:106} INFO -            ^^^^^^^^^^^^^^^^^^^^^
[2026-02-20T23:32:24.821+0000] {subprocess.py:106} INFO -   File "/home/***/.local/lib/python3.12/site-packages/dbt/cli/requires.py", line 276, in wrapper
[2026-02-20T23:32:24.822+0000] {subprocess.py:106} INFO -     return func(*args, **kwargs)
[2026-02-20T23:32:24.823+0000] {subprocess.py:106} INFO -            ^^^^^^^^^^^^^^^^^^^^^
[2026-02-20T23:32:24.824+0000] {subprocess.py:106} INFO -   File "/home/***/.local/lib/python3.12/site-packages/dbt/cli/requires.py", line 321, in wrapper
[2026-02-20T23:32:24.825+0000] {subprocess.py:106} INFO -     return func(*args, **kwargs)
[2026-02-20T23:32:24.826+0000] {subprocess.py:106} INFO -            ^^^^^^^^^^^^^^^^^^^^^
[2026-02-20T23:32:24.828+0000] {subprocess.py:106} INFO -   File "/home/***/.local/lib/python3.12/site-packages/dbt/cli/requires.py", line 391, in wrapper
[2026-02-20T23:32:24.831+0000] {subprocess.py:106} INFO -     return func(*args, **kwargs)
[2026-02-20T23:32:24.832+0000] {subprocess.py:106} INFO -            ^^^^^^^^^^^^^^^^^^^^^
[2026-02-20T23:32:24.834+0000] {subprocess.py:106} INFO -   File "/home/***/.local/lib/python3.12/site-packages/dbt/cli/requires.py", line 368, in wrapper
[2026-02-20T23:32:24.835+0000] {subprocess.py:106} INFO -     return func(*args, **kwargs)
[2026-02-20T23:32:24.837+0000] {subprocess.py:106} INFO -            ^^^^^^^^^^^^^^^^^^^^^
[2026-02-20T23:32:24.839+0000] {subprocess.py:106} INFO -   File "/home/***/.local/lib/python3.12/site-packages/dbt/cli/requires.py", line 407, in wrapper
[2026-02-20T23:32:24.840+0000] {subprocess.py:106} INFO -     setup_manifest(ctx, write=write, write_perf_info=write_perf_info)
[2026-02-20T23:32:24.841+0000] {subprocess.py:106} INFO -   File "/home/***/.local/lib/python3.12/site-packages/dbt/cli/requires.py", line 434, in setup_manifest
[2026-02-20T23:32:24.842+0000] {subprocess.py:106} INFO -     ctx.obj["manifest"] = parse_manifest(
[2026-02-20T23:32:24.844+0000] {subprocess.py:106} INFO -                           ^^^^^^^^^^^^^^^
[2026-02-20T23:32:24.846+0000] {subprocess.py:106} INFO -   File "/home/***/.local/lib/python3.12/site-packages/dbt/parser/manifest.py", line 2257, in parse_manifest
[2026-02-20T23:32:24.848+0000] {subprocess.py:106} INFO -     manifest = ManifestLoader.get_full_manifest(
[2026-02-20T23:32:24.849+0000] {subprocess.py:106} INFO -                ^^^^^^^^^^^^^^^^^^^^^^^^^^^^^^^^^
[2026-02-20T23:32:24.850+0000] {subprocess.py:106} INFO -   File "/home/***/.local/lib/python3.12/site-packages/dbt/parser/manifest.py", line 323, in get_full_manifest
[2026-02-20T23:32:24.851+0000] {subprocess.py:106} INFO -     manifest = loader.load()
[2026-02-20T23:32:24.853+0000] {subprocess.py:106} INFO -                ^^^^^^^^^^^^^
[2026-02-20T23:32:24.854+0000] {subprocess.py:106} INFO -   File "/home/***/.local/lib/python3.12/site-packages/dbt/parser/manifest.py", line 392, in load
[2026-02-20T23:32:24.855+0000] {subprocess.py:106} INFO -     self.load_and_parse_macros(project_parser_files)
[2026-02-20T23:32:24.856+0000] {subprocess.py:106} INFO -   File "/home/***/.local/lib/python3.12/site-packages/dbt/parser/manifest.py", line 707, in load_and_parse_macros
[2026-02-20T23:32:24.857+0000] {subprocess.py:106} INFO -     block = FileBlock(self.manifest.files[file_id])
[2026-02-20T23:32:24.858+0000] {subprocess.py:106} INFO -                       ~~~~~~~~~~~~~~~~~~~^^^^^^^^^
[2026-02-20T23:32:24.860+0000] {subprocess.py:106} INFO - KeyError: 'dbt_postgres://macros/timestamps.sql'
[2026-02-20T23:32:24.861+0000] {subprocess.py:106} INFO - 
[2026-02-20T23:32:26.465+0000] {subprocess.py:110} INFO - Command exited with return code 2
[2026-02-20T23:32:26.491+0000] {taskinstance.py:3313} ERROR - Task failed with exception
Traceback (most recent call last):
  File "/home/airflow/.local/lib/python3.12/site-packages/airflow/models/taskinstance.py", line 768, in _execute_task
    result = _execute_callable(context=context, **execute_callable_kwargs)
             ^^^^^^^^^^^^^^^^^^^^^^^^^^^^^^^^^^^^^^^^^^^^^^^^^^^^^^^^^^^^^
  File "/home/airflow/.local/lib/python3.12/site-packages/airflow/models/taskinstance.py", line 734, in _execute_callable
    return ExecutionCallableRunner(
           ^^^^^^^^^^^^^^^^^^^^^^^^
  File "/home/airflow/.local/lib/python3.12/site-packages/airflow/utils/operator_helpers.py", line 252, in run
    return self.func(*args, **kwargs)
           ^^^^^^^^^^^^^^^^^^^^^^^^^^
  File "/home/airflow/.local/lib/python3.12/site-packages/airflow/models/baseoperator.py", line 424, in wrapper
    return func(self, *args, **kwargs)
           ^^^^^^^^^^^^^^^^^^^^^^^^^^^
  File "/home/airflow/.local/lib/python3.12/site-packages/airflow/operators/bash.py", line 276, in execute
    raise AirflowException(
airflow.exceptions.AirflowException: Bash command failed. The command returned a non-zero exit code 2.
[2026-02-20T23:32:26.503+0000] {taskinstance.py:1226} INFO - Marking task as FAILED. dag_id=retail_pipeline, task_id=dbt_run, run_id=manual__2026-02-20T23:32:10.156201+00:00, execution_date=20260220T233210, start_date=20260220T233216, end_date=20260220T233226
[2026-02-20T23:32:26.566+0000] {taskinstance.py:341} INFO - ::group::Post task execution logs
[2026-02-20T23:32:26.568+0000] {standard_task_runner.py:124} ERROR - Failed to execute job 20 for task dbt_run (Bash command failed. The command returned a non-zero exit code 2.; 231)
Traceback (most recent call last):
  File "/home/airflow/.local/lib/python3.12/site-packages/airflow/task/task_runner/standard_task_runner.py", line 117, in _start_by_fork
    ret = args.func(args, dag=self.dag)
          ^^^^^^^^^^^^^^^^^^^^^^^^^^^^^
  File "/home/airflow/.local/lib/python3.12/site-packages/airflow/cli/cli_config.py", line 49, in command
    return func(*args, **kwargs)
           ^^^^^^^^^^^^^^^^^^^^^
  File "/home/airflow/.local/lib/python3.12/site-packages/airflow/utils/cli.py", line 116, in wrapper
    return f(*args, **kwargs)
           ^^^^^^^^^^^^^^^^^^
  File "/home/airflow/.local/lib/python3.12/site-packages/airflow/cli/commands/task_command.py", line 483, in task_run
    task_return_code = _run_task_by_selected_method(args, _dag, ti)
                       ^^^^^^^^^^^^^^^^^^^^^^^^^^^^^^^^^^^^^^^^^^^^
  File "/home/airflow/.local/lib/python3.12/site-packages/airflow/cli/commands/task_command.py", line 256, in _run_task_by_selected_method
    return _run_raw_task(args, ti)
           ^^^^^^^^^^^^^^^^^^^^^^^
  File "/home/airflow/.local/lib/python3.12/site-packages/airflow/cli/commands/task_command.py", line 341, in _run_raw_task
    return ti._run_raw_task(
           ^^^^^^^^^^^^^^^^^
  File "/home/airflow/.local/lib/python3.12/site-packages/airflow/utils/session.py", line 97, in wrapper
    return func(*args, session=session, **kwargs)
           ^^^^^^^^^^^^^^^^^^^^^^^^^^^^^^^^^^^^^^
  File "/home/airflow/.local/lib/python3.12/site-packages/airflow/models/taskinstance.py", line 3006, in _run_raw_task
    return _run_raw_task(
           ^^^^^^^^^^^^^^
  File "/home/airflow/.local/lib/python3.12/site-packages/airflow/models/taskinstance.py", line 274, in _run_raw_task
    TaskInstance._execute_task_with_callbacks(
  File "/home/airflow/.local/lib/python3.12/site-packages/airflow/models/taskinstance.py", line 3161, in _execute_task_with_callbacks
    result = self._execute_task(context, task_orig)
             ^^^^^^^^^^^^^^^^^^^^^^^^^^^^^^^^^^^^^^
  File "/home/airflow/.local/lib/python3.12/site-packages/airflow/models/taskinstance.py", line 3185, in _execute_task
    return _execute_task(self, context, task_orig)
           ^^^^^^^^^^^^^^^^^^^^^^^^^^^^^^^^^^^^^^^
  File "/home/airflow/.local/lib/python3.12/site-packages/airflow/models/taskinstance.py", line 768, in _execute_task
    result = _execute_callable(context=context, **execute_callable_kwargs)
             ^^^^^^^^^^^^^^^^^^^^^^^^^^^^^^^^^^^^^^^^^^^^^^^^^^^^^^^^^^^^^
  File "/home/airflow/.local/lib/python3.12/site-packages/airflow/models/taskinstance.py", line 734, in _execute_callable
    return ExecutionCallableRunner(
           ^^^^^^^^^^^^^^^^^^^^^^^^
  File "/home/airflow/.local/lib/python3.12/site-packages/airflow/utils/operator_helpers.py", line 252, in run
    return self.func(*args, **kwargs)
           ^^^^^^^^^^^^^^^^^^^^^^^^^^
  File "/home/airflow/.local/lib/python3.12/site-packages/airflow/models/baseoperator.py", line 424, in wrapper
    return func(self, *args, **kwargs)
           ^^^^^^^^^^^^^^^^^^^^^^^^^^^
  File "/home/airflow/.local/lib/python3.12/site-packages/airflow/operators/bash.py", line 276, in execute
    raise AirflowException(
airflow.exceptions.AirflowException: Bash command failed. The command returned a non-zero exit code 2.
[2026-02-20T23:32:26.611+0000] {local_task_job_runner.py:266} INFO - Task exited with return code 1
[2026-02-20T23:32:26.639+0000] {taskinstance.py:3901} INFO - 0 downstream tasks scheduled from follow-on schedule check
[2026-02-20T23:32:26.642+0000] {local_task_job_runner.py:245} INFO - ::endgroup::
