[2026-02-21T00:10:10.640+0000] {local_task_job_runner.py:123} INFO - ::group::Pre task execution logs
[2026-02-21T00:10:10.678+0000] {taskinstance.py:2614} INFO - Dependencies all met for dep_context=non-requeueable deps ti=<TaskInstance: retail_pipeline.dbt_run manual__2026-02-21T00:10:04.820540+00:00 [queued]>
[2026-02-21T00:10:10.697+0000] {taskinstance.py:2614} INFO - Dependencies all met for dep_context=requeueable deps ti=<TaskInstance: retail_pipeline.dbt_run manual__2026-02-21T00:10:04.820540+00:00 [queued]>
[2026-02-21T00:10:10.699+0000] {taskinstance.py:2867} INFO - Starting attempt 1 of 1
[2026-02-21T00:10:10.724+0000] {taskinstance.py:2890} INFO - Executing <Task(BashOperator): dbt_run> on 2026-02-21 00:10:04.820540+00:00
[2026-02-21T00:10:10.740+0000] {standard_task_runner.py:104} INFO - Running: ['***', 'tasks', 'run', 'retail_pipeline', 'dbt_run', 'manual__2026-02-21T00:10:04.820540+00:00', '--job-id', '29', '--raw', '--subdir', 'DAGS_FOLDER/retail_pipeline_dag.py', '--cfg-path', '/tmp/tmpjm9euvea']
[2026-02-21T00:10:10.745+0000] {standard_task_runner.py:105} INFO - Job 29: Subtask dbt_run
[2026-02-21T00:10:10.746+0000] {logging_mixin.py:190} WARNING - /home/***/.local/lib/python3.12/site-packages/***/task/task_runner/standard_task_runner.py:70 DeprecationWarning: This process (pid=515) is multi-threaded, use of fork() may lead to deadlocks in the child.
[2026-02-21T00:10:10.747+0000] {standard_task_runner.py:72} INFO - Started process 516 to run task
[2026-02-21T00:10:10.831+0000] {task_command.py:467} INFO - Running <TaskInstance: retail_pipeline.dbt_run manual__2026-02-21T00:10:04.820540+00:00 [running]> on host ***-scheduler
[2026-02-21T00:10:11.046+0000] {taskinstance.py:3134} INFO - Exporting env vars: AIRFLOW_CTX_DAG_OWNER='***' AIRFLOW_CTX_DAG_ID='retail_pipeline' AIRFLOW_CTX_TASK_ID='dbt_run' AIRFLOW_CTX_EXECUTION_DATE='2026-02-21T00:10:04.820540+00:00' AIRFLOW_CTX_TRY_NUMBER='1' AIRFLOW_CTX_DAG_RUN_ID='manual__2026-02-21T00:10:04.820540+00:00'
[2026-02-21T00:10:11.050+0000] {taskinstance.py:732} INFO - ::endgroup::
[2026-02-21T00:10:11.073+0000] {subprocess.py:78} INFO - Tmp dir root location: /tmp
[2026-02-21T00:10:11.076+0000] {subprocess.py:88} INFO - Running command: ['/usr/bin/bash', '-c', 'cd /opt/***/retail_dbt && dbt run']
[2026-02-21T00:10:11.098+0000] {subprocess.py:99} INFO - Output:
[2026-02-21T00:10:15.908+0000] {subprocess.py:106} INFO - [0m00:10:15  Running with dbt=1.11.6
[2026-02-21T00:10:16.543+0000] {subprocess.py:106} INFO - [0m00:10:16  Registered adapter: postgres=1.10.0
[2026-02-21T00:10:17.572+0000] {subprocess.py:106} INFO - [0m00:10:17  Found 2 models, 7 data tests, 464 macros
[2026-02-21T00:10:17.577+0000] {subprocess.py:106} INFO - [0m00:10:17
[2026-02-21T00:10:17.578+0000] {subprocess.py:106} INFO - [0m00:10:17  Concurrency: 1 threads (target='dev')
[2026-02-21T00:10:17.580+0000] {subprocess.py:106} INFO - [0m00:10:17
[2026-02-21T00:10:18.100+0000] {subprocess.py:106} INFO - [0m00:10:18  1 of 2 START sql view model analytics.stg_orders ............................... [RUN]
[2026-02-21T00:10:18.356+0000] {subprocess.py:106} INFO - [0m00:10:18  1 of 2 OK created sql view model analytics.stg_orders .......................... [[32mCREATE VIEW[0m in 0.25s]
[2026-02-21T00:10:18.362+0000] {subprocess.py:106} INFO - [0m00:10:18  2 of 2 START sql table model analytics.fact_sales .............................. [RUN]
[2026-02-21T00:10:18.518+0000] {subprocess.py:106} INFO - [0m00:10:18  2 of 2 OK created sql table model analytics.fact_sales ......................... [[32mSELECT 7[0m in 0.15s]
[2026-02-21T00:10:18.544+0000] {subprocess.py:106} INFO - [0m00:10:18
[2026-02-21T00:10:18.546+0000] {subprocess.py:106} INFO - [0m00:10:18  Finished running 1 table model, 1 view model in 0 hours 0 minutes and 0.96 seconds (0.96s).
[2026-02-21T00:10:18.631+0000] {subprocess.py:106} INFO - [0m00:10:18
[2026-02-21T00:10:18.633+0000] {subprocess.py:106} INFO - [0m00:10:18  [32mCompleted successfully[0m
[2026-02-21T00:10:18.634+0000] {subprocess.py:106} INFO - [0m00:10:18
[2026-02-21T00:10:18.635+0000] {subprocess.py:106} INFO - [0m00:10:18  Done. PASS=2 WARN=0 ERROR=0 SKIP=0 NO-OP=0 TOTAL=2
[2026-02-21T00:10:20.072+0000] {subprocess.py:110} INFO - Command exited with return code 0
[2026-02-21T00:10:20.128+0000] {taskinstance.py:341} INFO - ::group::Post task execution logs
[2026-02-21T00:10:20.130+0000] {taskinstance.py:353} INFO - Marking task as SUCCESS. dag_id=retail_pipeline, task_id=dbt_run, run_id=manual__2026-02-21T00:10:04.820540+00:00, execution_date=20260221T001004, start_date=20260221T001010, end_date=20260221T001020
[2026-02-21T00:10:20.207+0000] {local_task_job_runner.py:266} INFO - Task exited with return code 0
[2026-02-21T00:10:20.242+0000] {taskinstance.py:3901} INFO - 1 downstream tasks scheduled from follow-on schedule check
[2026-02-21T00:10:20.247+0000] {local_task_job_runner.py:245} INFO - ::endgroup::
