[2026-02-21T00:14:24.395+0000] {local_task_job_runner.py:123} INFO - ::group::Pre task execution logs
[2026-02-21T00:14:24.433+0000] {taskinstance.py:2614} INFO - Dependencies all met for dep_context=non-requeueable deps ti=<TaskInstance: retail_pipeline.dbt_run manual__2026-02-21T00:14:19.571167+00:00 [queued]>
[2026-02-21T00:14:24.450+0000] {taskinstance.py:2614} INFO - Dependencies all met for dep_context=requeueable deps ti=<TaskInstance: retail_pipeline.dbt_run manual__2026-02-21T00:14:19.571167+00:00 [queued]>
[2026-02-21T00:14:24.452+0000] {taskinstance.py:2867} INFO - Starting attempt 1 of 1
[2026-02-21T00:14:24.475+0000] {taskinstance.py:2890} INFO - Executing <Task(BashOperator): dbt_run> on 2026-02-21 00:14:19.571167+00:00
[2026-02-21T00:14:24.490+0000] {standard_task_runner.py:104} INFO - Running: ['***', 'tasks', 'run', 'retail_pipeline', 'dbt_run', 'manual__2026-02-21T00:14:19.571167+00:00', '--job-id', '32', '--raw', '--subdir', 'DAGS_FOLDER/retail_pipeline_dag.py', '--cfg-path', '/tmp/tmpvnv4fbmq']
[2026-02-21T00:14:24.494+0000] {standard_task_runner.py:105} INFO - Job 32: Subtask dbt_run
[2026-02-21T00:14:24.494+0000] {logging_mixin.py:190} WARNING - /home/***/.local/lib/python3.12/site-packages/***/task/task_runner/standard_task_runner.py:70 DeprecationWarning: This process (pid=590) is multi-threaded, use of fork() may lead to deadlocks in the child.
[2026-02-21T00:14:24.495+0000] {standard_task_runner.py:72} INFO - Started process 591 to run task
[2026-02-21T00:14:24.584+0000] {task_command.py:467} INFO - Running <TaskInstance: retail_pipeline.dbt_run manual__2026-02-21T00:14:19.571167+00:00 [running]> on host ***-scheduler
[2026-02-21T00:14:24.730+0000] {taskinstance.py:3134} INFO - Exporting env vars: AIRFLOW_CTX_DAG_OWNER='***' AIRFLOW_CTX_DAG_ID='retail_pipeline' AIRFLOW_CTX_TASK_ID='dbt_run' AIRFLOW_CTX_EXECUTION_DATE='2026-02-21T00:14:19.571167+00:00' AIRFLOW_CTX_TRY_NUMBER='1' AIRFLOW_CTX_DAG_RUN_ID='manual__2026-02-21T00:14:19.571167+00:00'
[2026-02-21T00:14:24.731+0000] {taskinstance.py:732} INFO - ::endgroup::
[2026-02-21T00:14:24.753+0000] {subprocess.py:78} INFO - Tmp dir root location: /tmp
[2026-02-21T00:14:24.758+0000] {subprocess.py:88} INFO - Running command: ['/usr/bin/bash', '-c', 'cd /opt/***/retail_dbt && dbt run']
[2026-02-21T00:14:24.778+0000] {subprocess.py:99} INFO - Output:
[2026-02-21T00:14:29.085+0000] {subprocess.py:106} INFO - [0m00:14:29  Running with dbt=1.11.6
[2026-02-21T00:14:29.610+0000] {subprocess.py:106} INFO - [0m00:14:29  Registered adapter: postgres=1.10.0
[2026-02-21T00:14:30.700+0000] {subprocess.py:106} INFO - [0m00:14:30  Found 2 models, 7 data tests, 464 macros
[2026-02-21T00:14:30.707+0000] {subprocess.py:106} INFO - [0m00:14:30
[2026-02-21T00:14:30.709+0000] {subprocess.py:106} INFO - [0m00:14:30  Concurrency: 1 threads (target='dev')
[2026-02-21T00:14:30.710+0000] {subprocess.py:106} INFO - [0m00:14:30
[2026-02-21T00:14:31.158+0000] {subprocess.py:106} INFO - [0m00:14:31  1 of 2 START sql view model analytics.stg_orders ............................... [RUN]
[2026-02-21T00:14:31.407+0000] {subprocess.py:106} INFO - [0m00:14:31  1 of 2 OK created sql view model analytics.stg_orders .......................... [[32mCREATE VIEW[0m in 0.24s]
[2026-02-21T00:14:31.413+0000] {subprocess.py:106} INFO - [0m00:14:31  2 of 2 START sql table model analytics.fact_sales .............................. [RUN]
[2026-02-21T00:14:31.587+0000] {subprocess.py:106} INFO - [0m00:14:31  2 of 2 OK created sql table model analytics.fact_sales ......................... [[32mSELECT 7[0m in 0.17s]
[2026-02-21T00:14:31.636+0000] {subprocess.py:106} INFO - [0m00:14:31
[2026-02-21T00:14:31.637+0000] {subprocess.py:106} INFO - [0m00:14:31  Finished running 1 table model, 1 view model in 0 hours 0 minutes and 0.92 seconds (0.92s).
[2026-02-21T00:14:31.731+0000] {subprocess.py:106} INFO - [0m00:14:31
[2026-02-21T00:14:31.732+0000] {subprocess.py:106} INFO - [0m00:14:31  [32mCompleted successfully[0m
[2026-02-21T00:14:31.734+0000] {subprocess.py:106} INFO - [0m00:14:31
[2026-02-21T00:14:31.736+0000] {subprocess.py:106} INFO - [0m00:14:31  Done. PASS=2 WARN=0 ERROR=0 SKIP=0 NO-OP=0 TOTAL=2
[2026-02-21T00:14:33.199+0000] {subprocess.py:110} INFO - Command exited with return code 0
[2026-02-21T00:14:33.251+0000] {taskinstance.py:341} INFO - ::group::Post task execution logs
[2026-02-21T00:14:33.252+0000] {taskinstance.py:353} INFO - Marking task as SUCCESS. dag_id=retail_pipeline, task_id=dbt_run, run_id=manual__2026-02-21T00:14:19.571167+00:00, execution_date=20260221T001419, start_date=20260221T001424, end_date=20260221T001433
[2026-02-21T00:14:33.334+0000] {local_task_job_runner.py:266} INFO - Task exited with return code 0
[2026-02-21T00:14:33.374+0000] {taskinstance.py:3901} INFO - 1 downstream tasks scheduled from follow-on schedule check
[2026-02-21T00:14:33.378+0000] {local_task_job_runner.py:245} INFO - ::endgroup::
