[0m13:49:59.110733 [debug] [MainThread]: Sending event: {'category': 'dbt', 'action': 'invocation', 'label': 'start', 'context': [<snowplow_tracker.self_describing_json.SelfDescribingJson object at 0x00000218B9EAF710>, <snowplow_tracker.self_describing_json.SelfDescribingJson object at 0x00000218BD184140>, <snowplow_tracker.self_describing_json.SelfDescribingJson object at 0x00000218BD0A3260>]}


============================== 13:49:59.115376 | f257456e-e066-453c-83e8-b7a6e70328ef ==============================
[0m13:49:59.115376 [info ] [MainThread]: Running with dbt=1.11.6
[0m13:49:59.115376 [debug] [MainThread]: running dbt with arguments {'static_parser': 'True', 'no_print': 'None', 'version_check': 'True', 'target_path': 'None', 'warn_error_options': 'WarnErrorOptionsV2(error=[], warn=[], silence=[])', 'printer_width': '80', 'write_json': 'True', 'empty': 'None', 'log_cache_events': 'False', 'introspect': 'True', 'cache_selected_only': 'False', 'log_format': 'default', 'debug': 'False', 'fail_fast': 'False', 'partial_parse': 'True', 'send_anonymous_usage_stats': 'True', 'quiet': 'False', 'warn_error': 'None', 'profiles_dir': 'C:\\Users\\shivm\\.dbt', 'invocation_command': 'dbt init retail_dbt', 'use_colors': 'True', 'indirect_selection': 'eager', 'use_experimental_parser': 'False', 'log_path': 'logs'}
[0m13:49:59.136650 [info ] [MainThread]: Creating dbt configuration folder at C:\Users\shivm\.dbt
[0m13:49:59.141297 [debug] [MainThread]: Starter project path: C:\Users\shivm\retail-ai-data-platform\.venv\Lib\site-packages\dbt\include\starter_project
[0m13:49:59.157584 [info ] [MainThread]: 
Your new dbt project "retail_dbt" was created!

For more information on how to configure the profiles.yml file,
please consult the dbt documentation here:

  https://docs.getdbt.com/docs/configure-your-profile

One more thing:

Need help? Don't hesitate to reach out to us via GitHub issues or on Slack:

  https://community.getdbt.com/

Happy modeling!

[0m13:49:59.157584 [info ] [MainThread]: Setting up your profile.
[0m13:51:46.274039 [info ] [MainThread]: Profile retail_dbt written to C:\Users\shivm\.dbt\profiles.yml using target's profile_template.yml and your supplied values. Run 'dbt debug' to validate the connection.
[0m13:51:46.274039 [debug] [MainThread]: Command `dbt init` succeeded at 13:51:46.274039 after 107.46 seconds
[0m13:51:46.274039 [debug] [MainThread]: Sending event: {'category': 'dbt', 'action': 'invocation', 'label': 'end', 'context': [<snowplow_tracker.self_describing_json.SelfDescribingJson object at 0x00000218B9DE3F80>, <snowplow_tracker.self_describing_json.SelfDescribingJson object at 0x00000218BD495520>, <snowplow_tracker.self_describing_json.SelfDescribingJson object at 0x00000218BD496630>]}
[0m13:51:46.274039 [debug] [MainThread]: Flushing usage events
[0m13:51:47.374654 [debug] [MainThread]: An error was encountered while trying to flush usage events
